<?xml version="1.0" encoding="UTF-8"?>
<coverage generated="1739272273318" clover="3.2.0">
  <project timestamp="1739272273319" name="All files">
    <metrics statements="20" coveredstatements="18" conditionals="5" coveredconditionals="4" methods="4" coveredmethods="4" elements="29" coveredelements="26" complexity="0" loc="20" ncloc="20" packages="1" files="1" classes="1"/>
    <file name="TaskOne.js" path="C:\Users\DELL\Desktop\javaScript\TaskOne.js">
      <metrics statements="20" coveredstatements="18" conditionals="5" coveredconditionals="4" methods="4" coveredmethods="4"/>
      <line num="1" count="1" type="cond" truecount="1" falsecount="0"/>
      <line num="2" count="1" type="stmt"/>
      <line num="3" count="1" type="stmt"/>
      <line num="4" count="1" type="stmt"/>
      <line num="5" count="1" type="cond" truecount="1" falsecount="0"/>
      <line num="6" count="1" type="stmt"/>
      <line num="7" count="1" type="stmt"/>
      <line num="8" count="1" type="stmt"/>
      <line num="9" count="1" type="cond" truecount="1" falsecount="0"/>
      <line num="10" count="1" type="stmt"/>
      <line num="11" count="1" type="cond" truecount="0" falsecount="1"/>
      <line num="12" count="0" type="stmt"/>
      <line num="13" count="0" type="stmt"/>
      <line num="14" count="1" type="stmt"/>
      <line num="15" count="1" type="stmt"/>
      <line num="16" count="1" type="stmt"/>
      <line num="17" count="1" type="cond" truecount="1" falsecount="0"/>
      <line num="18" count="1" type="stmt"/>
      <line num="19" count="1" type="stmt"/>
      <line num="20" count="1" type="stmt"/>
    </file>
  </project>
</coverage>
