{"C:\\Users\\DELL\\Desktop\\javaScript\\Filter.js": {"path":"C:\\Users\\DELL\\Desktop\\javaScript\\Filter.js","all":false,"statementMap":{"0":{"start":{"line":1,"column":0},"end":{"line":1,"column":0}},"1":{"start":{"line":2,"column":0},"end":{"line":2,"column":25}},"2":{"start":{"line":3,"column":0},"end":{"line":3,"column":31}},"3":{"start":{"line":4,"column":0},"end":{"line":4,"column":16}},"4":{"start":{"line":5,"column":0},"end":{"line":5,"column":1}},"5":{"start":{"line":6,"column":0},"end":{"line":6,"column":37}},"6":{"start":{"line":7,"column":0},"end":{"line":7,"column":28}},"7":{"start":{"line":8,"column":0},"end":{"line":8,"column":18}},"8":{"start":{"line":9,"column":0},"end":{"line":9,"column":1}},"9":{"start":{"line":10,"column":0},"end":{"line":10,"column":28}},"10":{"start":{"line":11,"column":0},"end":{"line":11,"column":32}},"11":{"start":{"line":12,"column":0},"end":{"line":12,"column":1}},"12":{"start":{"line":13,"column":0},"end":{"line":13,"column":25}},"13":{"start":{"line":14,"column":0},"end":{"line":14,"column":48}},"14":{"start":{"line":15,"column":0},"end":{"line":15,"column":1}},"15":{"start":{"line":16,"column":0},"end":{"line":16,"column":29}},"16":{"start":{"line":17,"column":0},"end":{"line":17,"column":29}},"17":{"start":{"line":18,"column":0},"end":{"line":18,"column":17}},"18":{"start":{"line":19,"column":0},"end":{"line":19,"column":1}},"19":{"start":{"line":20,"column":0},"end":{"line":20,"column":30}},"20":{"start":{"line":21,"column":0},"end":{"line":21,"column":35}},"21":{"start":{"line":22,"column":0},"end":{"line":22,"column":18}},"22":{"start":{"line":23,"column":0},"end":{"line":23,"column":1}},"23":{"start":{"line":24,"column":0},"end":{"line":24,"column":32}},"24":{"start":{"line":25,"column":0},"end":{"line":25,"column":40}},"25":{"start":{"line":26,"column":0},"end":{"line":26,"column":1}},"26":{"start":{"line":27,"column":0},"end":{"line":27,"column":32}},"27":{"start":{"line":28,"column":0},"end":{"line":28,"column":33}},"28":{"start":{"line":29,"column":0},"end":{"line":29,"column":1}},"29":{"start":{"line":30,"column":0},"end":{"line":30,"column":27}},"30":{"start":{"line":31,"column":0},"end":{"line":31,"column":33}},"31":{"start":{"line":32,"column":0},"end":{"line":32,"column":1}},"32":{"start":{"line":33,"column":0},"end":{"line":33,"column":38}},"33":{"start":{"line":34,"column":0},"end":{"line":34,"column":50}},"34":{"start":{"line":35,"column":0},"end":{"line":35,"column":18}},"35":{"start":{"line":36,"column":0},"end":{"line":36,"column":3}},"36":{"start":{"line":37,"column":0},"end":{"line":37,"column":33}},"37":{"start":{"line":38,"column":0},"end":{"line":38,"column":53}},"38":{"start":{"line":39,"column":0},"end":{"line":39,"column":17}},"39":{"start":{"line":40,"column":0},"end":{"line":40,"column":3}},"40":{"start":{"line":41,"column":0},"end":{"line":41,"column":31}},"41":{"start":{"line":42,"column":0},"end":{"line":42,"column":56}},"42":{"start":{"line":43,"column":0},"end":{"line":43,"column":3}},"43":{"start":{"line":44,"column":0},"end":{"line":44,"column":0}},"44":{"start":{"line":45,"column":0},"end":{"line":45,"column":143}}},"s":{"0":1,"1":1,"2":6,"3":6,"4":6,"5":1,"6":6,"7":6,"8":6,"9":1,"10":6,"11":6,"12":1,"13":1,"14":1,"15":1,"16":9,"17":9,"18":9,"19":1,"20":1,"21":1,"22":1,"23":1,"24":1,"25":1,"26":1,"27":1,"28":1,"29":1,"30":1,"31":1,"32":1,"33":1,"34":1,"35":1,"36":1,"37":1,"38":1,"39":1,"40":1,"41":1,"42":1,"43":1,"44":1},"branchMap":{"0":{"type":"branch","line":2,"loc":{"start":{"line":2,"column":15},"end":{"line":5,"column":1}},"locations":[{"start":{"line":2,"column":15},"end":{"line":5,"column":1}}]},"1":{"type":"branch","line":6,"loc":{"start":{"line":6,"column":26},"end":{"line":9,"column":1}},"locations":[{"start":{"line":6,"column":26},"end":{"line":9,"column":1}}]},"2":{"type":"branch","line":10,"loc":{"start":{"line":10,"column":18},"end":{"line":12,"column":1}},"locations":[{"start":{"line":10,"column":18},"end":{"line":12,"column":1}}]},"3":{"type":"branch","line":13,"loc":{"start":{"line":13,"column":16},"end":{"line":15,"column":1}},"locations":[{"start":{"line":13,"column":16},"end":{"line":15,"column":1}}]},"4":{"type":"branch","line":14,"loc":{"start":{"line":14,"column":24},"end":{"line":14,"column":47}},"locations":[{"start":{"line":14,"column":24},"end":{"line":14,"column":47}}]},"5":{"type":"branch","line":16,"loc":{"start":{"line":16,"column":20},"end":{"line":19,"column":1}},"locations":[{"start":{"line":16,"column":20},"end":{"line":19,"column":1}}]},"6":{"type":"branch","line":20,"loc":{"start":{"line":20,"column":0},"end":{"line":23,"column":1}},"locations":[{"start":{"line":20,"column":0},"end":{"line":23,"column":1}}]},"7":{"type":"branch","line":24,"loc":{"start":{"line":24,"column":0},"end":{"line":26,"column":1}},"locations":[{"start":{"line":24,"column":0},"end":{"line":26,"column":1}}]},"8":{"type":"branch","line":27,"loc":{"start":{"line":27,"column":0},"end":{"line":29,"column":1}},"locations":[{"start":{"line":27,"column":0},"end":{"line":29,"column":1}}]},"9":{"type":"branch","line":30,"loc":{"start":{"line":30,"column":0},"end":{"line":32,"column":1}},"locations":[{"start":{"line":30,"column":0},"end":{"line":32,"column":1}}]},"10":{"type":"branch","line":33,"loc":{"start":{"line":33,"column":0},"end":{"line":36,"column":3}},"locations":[{"start":{"line":33,"column":0},"end":{"line":36,"column":3}}]},"11":{"type":"branch","line":34,"loc":{"start":{"line":34,"column":26},"end":{"line":34,"column":48}},"locations":[{"start":{"line":34,"column":26},"end":{"line":34,"column":48}}]},"12":{"type":"branch","line":37,"loc":{"start":{"line":37,"column":2},"end":{"line":40,"column":3}},"locations":[{"start":{"line":37,"column":2},"end":{"line":40,"column":3}}]},"13":{"type":"branch","line":38,"loc":{"start":{"line":38,"column":25},"end":{"line":38,"column":52}},"locations":[{"start":{"line":38,"column":25},"end":{"line":38,"column":52}}]},"14":{"type":"branch","line":41,"loc":{"start":{"line":41,"column":2},"end":{"line":43,"column":3}},"locations":[{"start":{"line":41,"column":2},"end":{"line":43,"column":3}}]},"15":{"type":"branch","line":42,"loc":{"start":{"line":42,"column":27},"end":{"line":42,"column":55}},"locations":[{"start":{"line":42,"column":27},"end":{"line":42,"column":55}}]}},"b":{"0":[6],"1":[6],"2":[6],"3":[1],"4":[5],"5":[9],"6":[1],"7":[1],"8":[1],"9":[1],"10":[1],"11":[5],"12":[1],"13":[5],"14":[1],"15":[2]},"fnMap":{"0":{"name":"isOdd","decl":{"start":{"line":2,"column":15},"end":{"line":5,"column":1}},"loc":{"start":{"line":2,"column":15},"end":{"line":5,"column":1}},"line":2},"1":{"name":"isMultipleOfFive","decl":{"start":{"line":6,"column":26},"end":{"line":9,"column":1}},"loc":{"start":{"line":6,"column":26},"end":{"line":9,"column":1}},"line":6},"2":{"name":"isSquare","decl":{"start":{"line":10,"column":18},"end":{"line":12,"column":1}},"loc":{"start":{"line":10,"column":18},"end":{"line":12,"column":1}},"line":10},"3":{"name":"getWords","decl":{"start":{"line":13,"column":16},"end":{"line":15,"column":1}},"loc":{"start":{"line":13,"column":16},"end":{"line":15,"column":1}},"line":13},"4":{"name":"getStudent","decl":{"start":{"line":16,"column":20},"end":{"line":19,"column":1}},"loc":{"start":{"line":16,"column":20},"end":{"line":19,"column":1}},"line":16},"5":{"name":"getOddNumbers","decl":{"start":{"line":20,"column":0},"end":{"line":23,"column":1}},"loc":{"start":{"line":20,"column":0},"end":{"line":23,"column":1}},"line":20},"6":{"name":"getMultipleOfFive","decl":{"start":{"line":24,"column":0},"end":{"line":26,"column":1}},"loc":{"start":{"line":24,"column":0},"end":{"line":26,"column":1}},"line":24},"7":{"name":"getSquareRoot","decl":{"start":{"line":27,"column":0},"end":{"line":29,"column":1}},"loc":{"start":{"line":27,"column":0},"end":{"line":29,"column":1}},"line":27},"8":{"name":"testScores","decl":{"start":{"line":30,"column":0},"end":{"line":32,"column":1}},"loc":{"start":{"line":30,"column":0},"end":{"line":32,"column":1}},"line":30},"9":{"name":"addFivePointToEachScore","decl":{"start":{"line":33,"column":0},"end":{"line":36,"column":3}},"loc":{"start":{"line":33,"column":0},"end":{"line":36,"column":3}},"line":33},"10":{"name":"squareEachNumber","decl":{"start":{"line":37,"column":2},"end":{"line":40,"column":3}},"loc":{"start":{"line":37,"column":2},"end":{"line":40,"column":3}},"line":37},"11":{"name":"addStudent","decl":{"start":{"line":41,"column":2},"end":{"line":43,"column":3}},"loc":{"start":{"line":41,"column":2},"end":{"line":43,"column":3}},"line":41}},"f":{"0":6,"1":6,"2":6,"3":1,"4":9,"5":1,"6":1,"7":1,"8":1,"9":1,"10":1,"11":1}}
}
