TN:
SF:Filter.js
FN:2,isOdd
FN:6,isMultipleOfFive
FN:10,isSquare
FN:13,getWords
FN:16,getStudent
FN:20,getOddNumbers
FN:24,getMultipleOfFive
FN:27,getSquareRoot
FN:30,testScores
FN:33,addFivePointToEachScore
FN:37,squareEachNumber
FN:41,addStudent
FNF:12
FNH:12
FNDA:6,isOdd
FNDA:6,isMultipleOfFive
FNDA:6,isSquare
FNDA:1,getWords
FNDA:9,getStudent
FNDA:1,getOddNumbers
FNDA:1,getMultipleOfFive
FNDA:1,getSquareRoot
FNDA:1,testScores
FNDA:1,addFivePointToEachScore
FNDA:1,squareEachNumber
FNDA:1,addStudent
DA:1,1
DA:2,1
DA:3,6
DA:4,6
DA:5,6
DA:6,1
DA:7,6
DA:8,6
DA:9,6
DA:10,1
DA:11,6
DA:12,6
DA:13,1
DA:14,1
DA:15,1
DA:16,1
DA:17,9
DA:18,9
DA:19,9
DA:20,1
DA:21,1
DA:22,1
DA:23,1
DA:24,1
DA:25,1
DA:26,1
DA:27,1
DA:28,1
DA:29,1
DA:30,1
DA:31,1
DA:32,1
DA:33,1
DA:34,1
DA:35,1
DA:36,1
DA:37,1
DA:38,1
DA:39,1
DA:40,1
DA:41,1
DA:42,1
DA:43,1
DA:44,1
DA:45,1
LF:45
LH:45
BRDA:2,0,0,6
BRDA:6,1,0,6
BRDA:10,2,0,6
BRDA:13,3,0,1
BRDA:14,4,0,5
BRDA:16,5,0,9
BRDA:20,6,0,1
BRDA:24,7,0,1
BRDA:27,8,0,1
BRDA:30,9,0,1
BRDA:33,10,0,1
BRDA:34,11,0,5
BRDA:37,12,0,1
BRDA:38,13,0,5
BRDA:41,14,0,1
BRDA:42,15,0,2
BRF:16
BRH:16
end_of_record
